2026-03-16 11:30:06,707 - data_preprocessing - DEBUG - Data loaded properly
2026-03-16 11:30:06,708 - data_preprocessing - DEBUG - Starting preprocessing for DataFrame
2026-03-16 11:30:06,710 - data_preprocessing - DEBUG - Target column encoded
2026-03-16 11:30:06,716 - data_preprocessing - DEBUG - Duplicates removed
2026-03-16 11:30:06,719 - data_preprocessing - ERROR - Error during text normalization: 
**********************************************************************
  Resource 'punkt_tab' not found.
  Please use the NLTK Downloader to obtain the resource:

  >>> import nltk
  >>> nltk.download('punkt_tab')

  For more information see: https://www.nltk.org/data.html

  Attempted to load 'tokenizers/punkt_tab/english/'

  Searched in:
    - 'C:\\Users\\Dell/nltk_data'
    - 'C:\\Program Files\\Python310\\nltk_data'
    - 'C:\\Program Files\\Python310\\share\\nltk_data'
    - 'C:\\Program Files\\Python310\\lib\\nltk_data'
    - 'C:\\Users\\Dell\\AppData\\Roaming\\nltk_data'
    - 'C:\\nltk_data'
    - 'D:\\nltk_data'
    - 'E:\\nltk_data'
**********************************************************************

2026-03-16 11:30:06,720 - data_preprocessing - ERROR - Failed to complete the data transformation process: 
**********************************************************************
  Resource 'punkt_tab' not found.
  Please use the NLTK Downloader to obtain the resource:

  >>> import nltk
  >>> nltk.download('punkt_tab')

  For more information see: https://www.nltk.org/data.html

  Attempted to load 'tokenizers/punkt_tab/english/'

  Searched in:
    - 'C:\\Users\\Dell/nltk_data'
    - 'C:\\Program Files\\Python310\\nltk_data'
    - 'C:\\Program Files\\Python310\\share\\nltk_data'
    - 'C:\\Program Files\\Python310\\lib\\nltk_data'
    - 'C:\\Users\\Dell\\AppData\\Roaming\\nltk_data'
    - 'C:\\nltk_data'
    - 'D:\\nltk_data'
    - 'E:\\nltk_data'
**********************************************************************

2026-03-16 11:30:22,285 - data_preprocessing - DEBUG - Data loaded properly
2026-03-16 11:30:22,286 - data_preprocessing - DEBUG - Starting preprocessing for DataFrame
2026-03-16 11:30:22,287 - data_preprocessing - DEBUG - Target column encoded
2026-03-16 11:30:22,290 - data_preprocessing - DEBUG - Duplicates removed
2026-03-16 11:30:22,292 - data_preprocessing - ERROR - Error during text normalization: 
**********************************************************************
  Resource 'punkt_tab' not found.
  Please use the NLTK Downloader to obtain the resource:

  >>> import nltk
  >>> nltk.download('punkt_tab')

  For more information see: https://www.nltk.org/data.html

  Attempted to load 'tokenizers/punkt_tab/english/'

  Searched in:
    - 'C:\\Users\\Dell/nltk_data'
    - 'C:\\Program Files\\Python310\\nltk_data'
    - 'C:\\Program Files\\Python310\\share\\nltk_data'
    - 'C:\\Program Files\\Python310\\lib\\nltk_data'
    - 'C:\\Users\\Dell\\AppData\\Roaming\\nltk_data'
    - 'C:\\nltk_data'
    - 'D:\\nltk_data'
    - 'E:\\nltk_data'
**********************************************************************

2026-03-16 11:30:22,292 - data_preprocessing - ERROR - Failed to complete the data transformation process: 
**********************************************************************
  Resource 'punkt_tab' not found.
  Please use the NLTK Downloader to obtain the resource:

  >>> import nltk
  >>> nltk.download('punkt_tab')

  For more information see: https://www.nltk.org/data.html

  Attempted to load 'tokenizers/punkt_tab/english/'

  Searched in:
    - 'C:\\Users\\Dell/nltk_data'
    - 'C:\\Program Files\\Python310\\nltk_data'
    - 'C:\\Program Files\\Python310\\share\\nltk_data'
    - 'C:\\Program Files\\Python310\\lib\\nltk_data'
    - 'C:\\Users\\Dell\\AppData\\Roaming\\nltk_data'
    - 'C:\\nltk_data'
    - 'D:\\nltk_data'
    - 'E:\\nltk_data'
**********************************************************************

2026-03-16 11:32:23,703 - data_preprocessing - DEBUG - Data loaded properly
2026-03-16 11:32:23,703 - data_preprocessing - DEBUG - Starting preprocessing for DataFrame
2026-03-16 11:32:23,705 - data_preprocessing - DEBUG - Target column encoded
2026-03-16 11:32:23,707 - data_preprocessing - DEBUG - Duplicates removed
2026-03-16 11:32:23,709 - data_preprocessing - ERROR - Error during text normalization: 
**********************************************************************
  Resource 'punkt_tab' not found.
  Please use the NLTK Downloader to obtain the resource:

  >>> import nltk
  >>> nltk.download('punkt_tab')

  For more information see: https://www.nltk.org/data.html

  Attempted to load 'tokenizers/punkt_tab/english/'

  Searched in:
    - 'C:\\Users\\Dell/nltk_data'
    - 'C:\\Program Files\\Python310\\nltk_data'
    - 'C:\\Program Files\\Python310\\share\\nltk_data'
    - 'C:\\Program Files\\Python310\\lib\\nltk_data'
    - 'C:\\Users\\Dell\\AppData\\Roaming\\nltk_data'
    - 'C:\\nltk_data'
    - 'D:\\nltk_data'
    - 'E:\\nltk_data'
**********************************************************************

2026-03-16 11:32:23,709 - data_preprocessing - ERROR - Failed to complete the data transformation process: 
**********************************************************************
  Resource 'punkt_tab' not found.
  Please use the NLTK Downloader to obtain the resource:

  >>> import nltk
  >>> nltk.download('punkt_tab')

  For more information see: https://www.nltk.org/data.html

  Attempted to load 'tokenizers/punkt_tab/english/'

  Searched in:
    - 'C:\\Users\\Dell/nltk_data'
    - 'C:\\Program Files\\Python310\\nltk_data'
    - 'C:\\Program Files\\Python310\\share\\nltk_data'
    - 'C:\\Program Files\\Python310\\lib\\nltk_data'
    - 'C:\\Users\\Dell\\AppData\\Roaming\\nltk_data'
    - 'C:\\nltk_data'
    - 'D:\\nltk_data'
    - 'E:\\nltk_data'
**********************************************************************

2026-03-16 11:33:33,650 - data_preprocessing - DEBUG - Data loaded properly
2026-03-16 11:33:33,651 - data_preprocessing - DEBUG - Starting preprocessing for DataFrame
2026-03-16 11:33:33,652 - data_preprocessing - DEBUG - Target column encoded
2026-03-16 11:33:33,654 - data_preprocessing - DEBUG - Duplicates removed
2026-03-16 11:33:43,248 - data_preprocessing - DEBUG - Text column transformed
2026-03-16 11:33:43,248 - data_preprocessing - DEBUG - Starting preprocessing for DataFrame
2026-03-16 11:33:43,249 - data_preprocessing - DEBUG - Target column encoded
2026-03-16 11:33:43,250 - data_preprocessing - DEBUG - Duplicates removed
2026-03-16 11:33:45,682 - data_preprocessing - DEBUG - Text column transformed
2026-03-16 11:33:45,691 - data_preprocessing - DEBUG - Processed data saved to ./data\interim
2026-03-16 12:28:35,766 - data_preprocessing - DEBUG - Data loaded properly
2026-03-16 12:28:35,767 - data_preprocessing - DEBUG - Starting preprocessing for DataFrame
2026-03-16 12:28:35,768 - data_preprocessing - DEBUG - Target column encoded
2026-03-16 12:28:35,775 - data_preprocessing - DEBUG - Duplicates removed
2026-03-16 12:28:52,306 - data_preprocessing - DEBUG - Text column transformed
2026-03-16 12:28:52,306 - data_preprocessing - DEBUG - Starting preprocessing for DataFrame
2026-03-16 12:28:52,307 - data_preprocessing - DEBUG - Target column encoded
2026-03-16 12:28:52,309 - data_preprocessing - DEBUG - Duplicates removed
2026-03-16 12:28:58,325 - data_preprocessing - DEBUG - Text column transformed
2026-03-16 12:28:58,341 - data_preprocessing - DEBUG - Processed data saved to ./data\interim
2026-03-16 12:29:54,731 - data_preprocessing - DEBUG - Data loaded properly
2026-03-16 12:29:54,732 - data_preprocessing - DEBUG - Starting preprocessing for DataFrame
2026-03-16 12:29:54,733 - data_preprocessing - DEBUG - Target column encoded
2026-03-16 12:29:54,735 - data_preprocessing - DEBUG - Duplicates removed
2026-03-16 12:30:04,875 - data_preprocessing - DEBUG - Text column transformed
2026-03-16 12:30:04,875 - data_preprocessing - DEBUG - Starting preprocessing for DataFrame
2026-03-16 12:30:04,876 - data_preprocessing - DEBUG - Target column encoded
2026-03-16 12:30:04,877 - data_preprocessing - DEBUG - Duplicates removed
2026-03-16 12:30:07,481 - data_preprocessing - DEBUG - Text column transformed
2026-03-16 12:30:07,489 - data_preprocessing - DEBUG - Processed data saved to ./data\interim
